[2024-10-28 05:47:17] local.ERROR: The "--livewire" option does not exist. {"exception":"[object] (Symfony\\Component\\Console\\Exception\\RuntimeException(code: 0): The \"--livewire\" option does not exist. at /home/firly/BelajarLaravel/belajarEmailVerify/vendor/symfony/console/Input/ArgvInput.php:220)
[stacktrace]
#0 /home/firly/BelajarLaravel/belajarEmailVerify/vendor/symfony/console/Input/ArgvInput.php(149): Symfony\\Component\\Console\\Input\\ArgvInput->addLongOption()
#1 /home/firly/BelajarLaravel/belajarEmailVerify/vendor/symfony/console/Input/ArgvInput.php(82): Symfony\\Component\\Console\\Input\\ArgvInput->parseLongOption()
#2 /home/firly/BelajarLaravel/belajarEmailVerify/vendor/symfony/console/Input/ArgvInput.php(71): Symfony\\Component\\Console\\Input\\ArgvInput->parseToken()
#3 /home/firly/BelajarLaravel/belajarEmailVerify/vendor/symfony/console/Input/Input.php(53): Symfony\\Component\\Console\\Input\\ArgvInput->parse()
#4 /home/firly/BelajarLaravel/belajarEmailVerify/vendor/symfony/console/Command/Command.php(238): Symfony\\Component\\Console\\Input\\Input->bind()
#5 /home/firly/BelajarLaravel/belajarEmailVerify/vendor/laravel/framework/src/Illuminate/Console/Command.php(182): Symfony\\Component\\Console\\Command\\Command->run()
#6 /home/firly/BelajarLaravel/belajarEmailVerify/vendor/symfony/console/Application.php(1047): Illuminate\\Console\\Command->run()
#7 /home/firly/BelajarLaravel/belajarEmailVerify/vendor/symfony/console/Application.php(316): Symfony\\Component\\Console\\Application->doRunCommand()
#8 /home/firly/BelajarLaravel/belajarEmailVerify/vendor/symfony/console/Application.php(167): Symfony\\Component\\Console\\Application->doRun()
#9 /home/firly/BelajarLaravel/belajarEmailVerify/vendor/laravel/framework/src/Illuminate/Foundation/Console/Kernel.php(197): Symfony\\Component\\Console\\Application->run()
#10 /home/firly/BelajarLaravel/belajarEmailVerify/vendor/laravel/framework/src/Illuminate/Foundation/Application.php(1203): Illuminate\\Foundation\\Console\\Kernel->handle()
#11 /home/firly/BelajarLaravel/belajarEmailVerify/artisan(13): Illuminate\\Foundation\\Application->handleCommand()
#12 {main}
"} 
[2024-10-28 05:49:38] local.ERROR: Uncaught Error: Interface "App\Models\must" not found in /home/firly/BelajarLaravel/belajarEmailVerify/app/Models/User.php:10
Stack trace:
#0 Command line code(1): include_once()
#1 {main}
  thrown {"exception":"[object] (Symfony\\Component\\ErrorHandler\\Error\\FatalError(code: 0): Uncaught Error: Interface \"App\\Models\\must\" not found in /home/firly/BelajarLaravel/belajarEmailVerify/app/Models/User.php:10
Stack trace:
#0 Command line code(1): include_once()
#1 {main}
  thrown at /home/firly/BelajarLaravel/belajarEmailVerify/app/Models/User.php:10)
[stacktrace]
#0 {main}
"} 
